
RAxML-NG v. 1.2.2-master released on 30.04.2024 by The Exelixis Lab.
Developed by: Alexey M. Kozlov and Alexandros Stamatakis.
Contributors: Diego Darriba, Tomas Flouri, Benoit Morel, Sarah Lutteropp, Ben Bettisworth, Julia Haag, Anastasis Togkousidis.
Latest version: https://github.com/amkozlov/raxml-ng
Questions/problems/suggestions? Please visit: https://groups.google.com/forum/#!forum/raxml

System: Intel(R) Xeon(R) Gold 6226R CPU @ 2.90GHz, 32 cores, 376 GB RAM (allocated: 16 physical cores)

RAxML-NG was called at 09-May-2024 00:52:11 as follows:

raxml-ng --msa data/following_study/msa.fasta --model GTR+G --prefix data/following_study/tree --seed 2024 --redo --thread 32

Analysis options:
  run mode: ML tree search
  start tree(s): random (10) + parsimony (10)
  random seed: 2024
  tip-inner: OFF
  pattern compression: ON
  per-rate scalers: OFF
  site repeats: ON
  logLH epsilon: general: 10.000000, brlen-triplet: 1000.000000
  fast spr radius: AUTO
  spr subtree cutoff: 1.000000
  fast CLV updates: ON
  branch lengths: proportional (ML estimate, algorithm: NR-FAST)
  SIMD kernels: AVX2
  parallelization: coarse-grained (auto), PTHREADS (32 threads), thread pinning: OFF

WARNING: Running in REDO mode: existing checkpoints are ignored, and all result files will be overwritten!

[00:00:00] Reading alignment from file: data/following_study/msa.fasta
[00:00:00] Loaded alignment with 2884 taxa and 765 sites

Alignment comprises 1 partitions and 675 patterns

Partition 0: noname
Model: GTR+FO+G4m
Alignment sites / patterns: 765 / 675
Gaps: 67.41 %
Invariant sites: 20.78 %


NOTE: Binary MSA file created: data/following_study/tree.raxml.rba

Parallelization scheme autoconfig: 16 worker(s) x 2 thread(s)


NOTE: Per-rate scalers were automatically enabled to prevent numerical issues on taxa-rich alignments.
NOTE: You can use --force switch to skip this check and fall back to per-site scalers.

[00:00:00] Generating 10 random starting tree(s) with 2884 taxa
[00:00:00] Generating 10 parsimony starting tree(s) with 2884 taxa
Parallel parsimony with 32 threads
Parallel reduction/worker buffer size: 1 KB  / 0 KB

[00:00:03] Data distribution: max. partitions/sites/weight per thread: 1 / 338 / 5408
[00:00:03] Data distribution: max. searches per worker: 2

Starting ML tree search with 20 distinct starting trees

[00:00:05 -582000.900026] Initial branch length optimization
[00:00:09 -454746.659152] Model parameter optimization (eps = 10.000000)
[00:01:00 -439061.721252] AUTODETECT spr round 1 (radius: 5)
[00:01:15 -378515.039984] AUTODETECT spr round 2 (radius: 10)
[00:01:53 -304757.329752] AUTODETECT spr round 3 (radius: 15)
[00:02:52 -252443.989059] AUTODETECT spr round 4 (radius: 20)
[00:04:29 -225013.409985] AUTODETECT spr round 5 (radius: 25)
[00:06:47 -201945.040078] SPR radius for FAST iterations: 25 (autodetect)
[00:06:47 -201945.040078] Model parameter optimization (eps = 3.000000)
[00:08:11 -199537.979813] FAST spr round 1 (radius: 25)
[00:11:17 -159012.730133] FAST spr round 2 (radius: 25)
[00:12:48 -153470.217830] FAST spr round 3 (radius: 25)
[00:13:39 -151794.647721] FAST spr round 4 (radius: 25)
[00:14:10 -151270.702384] FAST spr round 5 (radius: 25)
[00:14:35 -150900.986992] FAST spr round 6 (radius: 25)
[00:14:55 -150897.387578] Model parameter optimization (eps = 1.000000)
[00:15:12 -150850.808618] SLOW spr round 1 (radius: 5)
[00:15:43 -149224.681754] SLOW spr round 2 (radius: 5)
[00:16:15 -149215.705201] SLOW spr round 3 (radius: 10)
[00:16:49 -149210.728935] SLOW spr round 4 (radius: 15)
[00:18:21 -149198.923808] SLOW spr round 5 (radius: 5)
[00:19:16 -149189.357072] SLOW spr round 6 (radius: 10)
[00:19:58 -149183.471001] SLOW spr round 7 (radius: 15)
[00:21:17 -149183.264212] SLOW spr round 8 (radius: 20)
[00:22:38] [worker #14] ML tree search #15, logLikelihood: -139760.005213
[00:23:57 -149177.465029] SLOW spr round 9 (radius: 25)
[00:24:03] [worker #13] ML tree search #14, logLikelihood: -139709.543697
[00:26:57] [worker #12] ML tree search #13, logLikelihood: -139843.646027
[00:27:57] [worker #15] ML tree search #16, logLikelihood: -139562.221232
[00:27:58 -149167.661049] Model parameter optimization (eps = 0.100000)

[00:28:10] [worker #0] ML tree search #1, logLikelihood: -149163.624857

[00:28:10 -188507.816477] Initial branch length optimization
[00:28:13 -145722.812405] Model parameter optimization (eps = 10.000000)
[00:28:23 -143349.044117] AUTODETECT spr round 1 (radius: 5)
[00:28:31] [worker #10] ML tree search #11, logLikelihood: -139615.417384
[00:28:33 -141486.611466] AUTODETECT spr round 2 (radius: 10)
[00:29:00] [worker #11] ML tree search #12, logLikelihood: -139625.174795
[00:29:02 -141025.360739] AUTODETECT spr round 3 (radius: 15)
[00:30:03 -140775.441107] AUTODETECT spr round 4 (radius: 20)
[00:31:53 -140601.679484] AUTODETECT spr round 5 (radius: 25)
[00:34:42 -140569.045790] SPR radius for FAST iterations: 25 (autodetect)
[00:34:42 -140569.045790] Model parameter optimization (eps = 3.000000)
[00:34:48 -140555.642230] FAST spr round 1 (radius: 25)
[00:35:48] [worker #1] ML tree search #2, logLikelihood: -152068.158585
[00:37:07 -140040.217986] FAST spr round 2 (radius: 25)
[00:38:20 -139846.644604] FAST spr round 3 (radius: 25)
[00:39:00 -139818.872198] FAST spr round 4 (radius: 25)
[00:39:25 -139814.687517] Model parameter optimization (eps = 1.000000)
[00:39:27 -139813.925907] SLOW spr round 1 (radius: 5)
[00:40:04 -139745.232789] SLOW spr round 2 (radius: 5)
[00:40:35 -139733.656918] SLOW spr round 3 (radius: 5)
[00:41:01 -139733.655975] SLOW spr round 4 (radius: 10)
[00:41:31 -139727.967687] SLOW spr round 5 (radius: 15)
[00:43:05 -139725.724538] SLOW spr round 6 (radius: 20)
[00:45:55 -139718.967428] SLOW spr round 7 (radius: 25)
[00:50:22] [worker #5] ML tree search #6, logLikelihood: -147054.067119
[00:50:31 -139695.929701] SLOW spr round 8 (radius: 5)
[00:51:26 -139680.678485] SLOW spr round 9 (radius: 5)
[00:52:07 -139677.897739] SLOW spr round 10 (radius: 10)
[00:52:17] [worker #4] ML tree search #5, logLikelihood: -143582.442729
[00:52:40 -139677.656950] SLOW spr round 11 (radius: 15)
[00:52:48] [worker #6] ML tree search #7, logLikelihood: -147632.723923
[00:54:01 -139677.656707] SLOW spr round 12 (radius: 20)
[00:56:42 -139667.387329] SLOW spr round 13 (radius: 5)
[00:57:36 -139661.727564] SLOW spr round 14 (radius: 10)
[00:58:15 -139661.727113] SLOW spr round 15 (radius: 15)
[00:59:29 -139661.726928] SLOW spr round 16 (radius: 20)
[01:02:13 -139661.726816] SLOW spr round 17 (radius: 25)
[01:02:39] [worker #8] ML tree search #9, logLikelihood: -151554.597043
[01:04:07] [worker #3] ML tree search #4, logLikelihood: -147390.895658
[01:06:29 -139661.726725] Model parameter optimization (eps = 0.100000)

[01:06:33] [worker #0] ML tree search #17, logLikelihood: -139661.381234

[01:10:05] [worker #1] ML tree search #18, logLikelihood: -139665.865775
[01:10:29] [worker #7] ML tree search #8, logLikelihood: -149955.308845
[01:13:06] [worker #9] ML tree search #10, logLikelihood: -146228.018229
[01:26:08] [worker #3] ML tree search #20, logLikelihood: -139707.865457
[01:30:36] [worker #2] ML tree search #3, logLikelihood: -150786.195927
[01:53:29] [worker #2] ML tree search #19, logLikelihood: -139731.207792

Optimized model parameters:

   Partition 0: noname
   Rate heterogeneity: GAMMA (4 cats, mean),  alpha: 1.047337 (ML),  weights&rates: (0.250000,0.146301) (0.250000,0.490532) (0.250000,1.007421) (0.250000,2.355746) 
   Base frequencies (ML): 0.227048 0.264168 0.248648 0.260136 
   Substitution rates (ML): 0.785689 2.418892 1.439369 0.583874 2.371223 1.000000 


Final LogLikelihood: -139562.221232

AIC score: 290672.442463 / AICc score: 66980372.442463 / BIC score: 317463.085528
Free parameters (model + branch lengths): 5774

WARNING: Number of free parameters (K=5774) is larger than alignment size (n=765).
         This might lead to overfitting and compromise tree inference results!


WARNING: Best ML tree contains 782 near-zero branches!

Best ML tree with collapsed near-zero branches saved to: /home5/yyang55/Microbiome/CanineEpilepsy2/data/following_study/tree.raxml.bestTreeCollapsed
Best ML tree saved to: /home5/yyang55/Microbiome/CanineEpilepsy2/data/following_study/tree.raxml.bestTree
All ML trees saved to: /home5/yyang55/Microbiome/CanineEpilepsy2/data/following_study/tree.raxml.mlTrees
Optimized model saved to: /home5/yyang55/Microbiome/CanineEpilepsy2/data/following_study/tree.raxml.bestModel

Execution log saved to: /home5/yyang55/Microbiome/CanineEpilepsy2/data/following_study/tree.raxml.log

Analysis started: 09-May-2024 00:52:11 / finished: 09-May-2024 02:45:40

Elapsed time: 6809.309 seconds

